<?xml version="1.0" encoding="UTF-8"?>
<!-- Generated by org.testng.reporters.JUnitReportReporter -->
<testsuite skipped="0" hostname="Momins-MacBook-Air.local" name="RunJinkins.RunJinkins.whdjhs" tests="1" failures="0" timestamp="08 Dec 2020 00:52:46 GMT" time="5.633" errors="0">
  <testcase name="main" time="5.633" classname="RunJinkins.RunJinkins.whdjhs"/>
</testsuite> <!-- RunJinkins.RunJinkins.whdjhs -->
